2025-07-26 11:28:39:2839 [31merror[39m: [31m[09f6226b-3dfa-476d-9217-1487a4b07c15] Validation failed[39m
2025-08-02 12:12:01:121 [31merror[39m: [31m[372a0d07-ce44-4bbf-b0ba-433cdd67440e] Invalid or expired access token[39m
2025-08-02 12:12:24:1224 [31merror[39m: [31m[bc804000-4b71-47b2-bfeb-3c63f8648441] Invalid or expired access token[39m
2025-08-02 12:12:36:1236 [31merror[39m: [31m[88007186-ba0e-4085-9471-a52cb7693098] Invalid or expired access token[39m
2025-08-02 12:13:26:1326 [31merror[39m: [31m[ed60fd01-e756-408b-a400-466f1a54e67a] User role is not defined[39m
2025-08-02 12:15:36:1536 [31merror[39m: [31m[6e957726-46b1-4234-824b-250d42f2ff8f] Invalid or expired access token[39m
2025-08-02 12:15:38:1538 [31merror[39m: [31m[a945606e-18ba-4169-94df-e0c32b1ce255] Invalid or expired access token[39m
2025-08-02 12:15:59:1559 [31merror[39m: [31m[6015831f-9bef-4e7d-b842-35f8412010c8] Access token missing[39m
2025-08-02 12:16:20:1620 [31merror[39m: [31m[4fd7a401-209d-45ff-a62e-4822e7fefa0d] Invalid or expired authorization code[39m
2025-08-02 12:17:44:1744 [31merror[39m: [31m[cb9fd750-100f-4b28-a669-e090da21e38b] Access token missing[39m
2025-08-02 12:18:51:1851 [31merror[39m: [31m[9041691e-8748-4814-969e-5f69baf49142] Invalid or expired authorization code[39m
2025-08-02 12:20:27:2027 [31merror[39m: [31m[fcbe173e-f112-4181-af72-21dc3ee2cf6f] Access token missing[39m
2025-08-03 12:32:29:3229 [31merror[39m: [31m[923fea09-bae9-41e4-8258-abb64396732b] Validation failed[39m
2025-08-03 12:32:30:3230 [31merror[39m: [31m[86cbff93-6fb8-4a17-9b8b-02f97bd6c52b] Validation failed[39m
2025-08-03 12:32:31:3231 [31merror[39m: [31m[da1ac27c-ccf5-48f8-92d6-b4f701b6f7d5] Validation failed[39m
2025-08-03 12:32:32:3232 [31merror[39m: [31m[ad26e0e2-42f7-4eb8-94cd-5dd589a89f4a] Validation failed[39m
2025-08-03 12:32:32:3232 [31merror[39m: [31m[b44e2c8e-1742-49b4-81ed-9de5ba589a7a] Validation failed[39m
2025-08-03 13:26:54:2654 [31merror[39m: [31m[757016dc-bff6-4562-b8cd-3d0a81c33d4c] Bad Request[39m
2025-08-03 13:26:57:2657 [31merror[39m: [31m[ea3fdaf6-fd44-4715-a85a-ba3190643e93] Bad Request[39m
2025-08-03 13:26:57:2657 [31merror[39m: [31m[1d74a48f-4836-43fd-932d-4d161f24bc5f] Bad Request[39m
2025-08-04 18:57:35:5735 [31merror[39m: [31m[ab1944f5-0c61-40d8-a460-e1b310558da3] Validation failed[39m
2025-08-04 19:27:11:2711 [31merror[39m: [31m[53b3fad3-2009-48ab-885f-c6b695daa8fd] Validation failed[39m
2025-08-04 19:27:49:2749 [31merror[39m: [31m[282ca7d4-7476-4aa3-928b-558908ce0daa] Validation failed[39m
2025-08-04 19:27:50:2750 [31merror[39m: [31m[171a7071-1c35-408d-8ba1-36cf579a2bb6] Validation failed[39m
2025-08-04 19:30:31:3031 [31merror[39m: [31m[9cee3195-d8d0-4eda-baa6-cb0fc8722e13] Validation failed[39m
2025-08-04 19:30:44:3044 [31merror[39m: [31m[be18aaf2-ba5a-4258-8052-da0af619a252] Validation failed[39m
2025-08-04 19:40:35:4035 [31merror[39m: [31m[bfe3b41f-c7f3-441b-bb38-7383cc4d70ae] Validation failed[39m
2025-08-04 19:40:56:4056 [31merror[39m: [31m[917e79c4-406f-490e-9923-6835802745cc] Validation failed[39m
2025-08-04 19:53:03:533 [31merror[39m: [31m[16628cd8-f342-4b52-9614-edfdc5305c80] Validation failed[39m
2025-08-04 19:53:22:5322 [31merror[39m: [31m[45688db8-78de-43a1-8863-b48922134272] Validation failed[39m
2025-08-04 19:55:06:556 [31merror[39m: [31m[31705d6c-9546-4cf5-8ec6-5bea5d5fc3f3] Validation failed[39m
2025-08-04 19:58:42:5842 [31merror[39m: [31m[1878b56b-3f13-4854-b42f-dc2151e72282] Validation failed[39m
2025-08-04 19:58:59:5859 [31merror[39m: [31m[77cfa293-275e-4abc-95ca-a229c2c95052] Invalid Password[39m
